[2022-10-17 17:40:00,406] {taskinstance.py:1179} INFO - Dependencies all met for <TaskInstance: generate_data.export_tables_to_dir manual__2022-10-17T17:38:50.510028+00:00 [queued]>
[2022-10-17 17:40:00,434] {taskinstance.py:1179} INFO - Dependencies all met for <TaskInstance: generate_data.export_tables_to_dir manual__2022-10-17T17:38:50.510028+00:00 [queued]>
[2022-10-17 17:40:00,435] {taskinstance.py:1376} INFO - 
--------------------------------------------------------------------------------
[2022-10-17 17:40:00,437] {taskinstance.py:1377} INFO - Starting attempt 2 of 2
[2022-10-17 17:40:00,438] {taskinstance.py:1378} INFO - 
--------------------------------------------------------------------------------
[2022-10-17 17:40:00,483] {taskinstance.py:1397} INFO - Executing <Task(PythonOperator): export_tables_to_dir> on 2022-10-17 17:38:50.510028+00:00
[2022-10-17 17:40:00,497] {standard_task_runner.py:52} INFO - Started process 47247 to run task
[2022-10-17 17:40:00,522] {standard_task_runner.py:79} INFO - Running: ['***', 'tasks', 'run', 'generate_data', 'export_tables_to_dir', 'manual__2022-10-17T17:38:50.510028+00:00', '--job-id', '423', '--raw', '--subdir', 'DAGS_FOLDER/generate_data.py', '--cfg-path', '/tmp/tmp8xcez_kt', '--error-file', '/tmp/tmpj2ervjsa']
[2022-10-17 17:40:00,526] {standard_task_runner.py:80} INFO - Job 423: Subtask export_tables_to_dir
[2022-10-17 17:40:00,666] {task_command.py:371} INFO - Running <TaskInstance: generate_data.export_tables_to_dir manual__2022-10-17T17:38:50.510028+00:00 [running]> on host 614e96fbdf07
[2022-10-17 17:40:00,783] {taskinstance.py:1591} INFO - Exporting the following env vars:
AIRFLOW_CTX_DAG_OWNER=***
AIRFLOW_CTX_DAG_ID=generate_data
AIRFLOW_CTX_TASK_ID=export_tables_to_dir
AIRFLOW_CTX_EXECUTION_DATE=2022-10-17T17:38:50.510028+00:00
AIRFLOW_CTX_TRY_NUMBER=2
AIRFLOW_CTX_DAG_RUN_ID=manual__2022-10-17T17:38:50.510028+00:00
[2022-10-17 17:40:00,799] {export_tables.py:37} INFO - Connection to database success
[2022-10-17 17:40:00,802] {export_tables.py:130} INFO - Working on transaction
[2022-10-17 17:40:00,810] {export_tables.py:94} INFO - Exporting 2601 rows into csv.
[2022-10-17 17:40:00,830] {export_tables.py:104} CRITICAL - <class 'psycopg2.errors.UndefinedFile'>
[2022-10-17 17:40:00,832] {export_tables.py:105} CRITICAL - could not open file "/opt/transaction/2022-10-17/transaction_2022-10-17.csv" for writing: No such file or directory
HINT:  COPY TO instructs the PostgreSQL server process to write a file. You may want a client-side facility such as psql's \copy.

[2022-10-17 17:40:00,833] {export_tables.py:106} CRITICAL - Something went wrong at exporting the table to container storage
[2022-10-17 17:40:00,834] {export_tables.py:130} INFO - Working on customer
[2022-10-17 17:40:00,836] {taskinstance.py:1909} ERROR - Task failed with exception
Traceback (most recent call last):
  File "/home/airflow/.local/lib/python3.7/site-packages/airflow/operators/python.py", line 171, in execute
    return_value = self.execute_callable()
  File "/home/airflow/.local/lib/python3.7/site-packages/airflow/operators/python.py", line 189, in execute_callable
    return self.python_callable(*self.op_args, **self.op_kwargs)
  File "/opt/airflow/dags/export_tables.py", line 131, in export
    copy_table(cursor=connection_cursor, conn=connection, path=f'/opt/{table.get(_)}', table=table.get(_), days=days)
  File "/opt/airflow/dags/export_tables.py", line 93, in copy_table
    rows = count_rows(cursor, table=table)
  File "/opt/airflow/dags/export_tables.py", line 49, in count_rows
    cursor.execute(f'SELECT * FROM {table}')
psycopg2.errors.InFailedSqlTransaction: current transaction is aborted, commands ignored until end of transaction block

[2022-10-17 17:40:00,854] {taskinstance.py:1420} INFO - Marking task as FAILED. dag_id=generate_data, task_id=export_tables_to_dir, execution_date=20221017T173850, start_date=20221017T174000, end_date=20221017T174000
[2022-10-17 17:40:00,875] {standard_task_runner.py:97} ERROR - Failed to execute job 423 for task export_tables_to_dir (current transaction is aborted, commands ignored until end of transaction block
; 47247)
[2022-10-17 17:40:00,931] {local_task_job.py:156} INFO - Task exited with return code 1
[2022-10-17 17:40:00,989] {local_task_job.py:273} INFO - 0 downstream tasks scheduled from follow-on schedule check
