[2022-10-14 16:11:25,398] {taskinstance.py:1179} INFO - Dependencies all met for <TaskInstance: generate_data.export_tables_to_dir manual__2022-10-14T16:10:17.794974+00:00 [queued]>
[2022-10-14 16:11:25,413] {taskinstance.py:1179} INFO - Dependencies all met for <TaskInstance: generate_data.export_tables_to_dir manual__2022-10-14T16:10:17.794974+00:00 [queued]>
[2022-10-14 16:11:25,414] {taskinstance.py:1376} INFO - 
--------------------------------------------------------------------------------
[2022-10-14 16:11:25,414] {taskinstance.py:1377} INFO - Starting attempt 2 of 2
[2022-10-14 16:11:25,415] {taskinstance.py:1378} INFO - 
--------------------------------------------------------------------------------
[2022-10-14 16:11:25,433] {taskinstance.py:1397} INFO - Executing <Task(PythonOperator): export_tables_to_dir> on 2022-10-14 16:10:17.794974+00:00
[2022-10-14 16:11:25,441] {standard_task_runner.py:52} INFO - Started process 25949 to run task
[2022-10-14 16:11:25,446] {standard_task_runner.py:79} INFO - Running: ['***', 'tasks', 'run', 'generate_data', 'export_tables_to_dir', 'manual__2022-10-14T16:10:17.794974+00:00', '--job-id', '62', '--raw', '--subdir', 'DAGS_FOLDER/generate_data.py', '--cfg-path', '/tmp/tmpk89q9cux', '--error-file', '/tmp/tmp4dimxwpm']
[2022-10-14 16:11:25,448] {standard_task_runner.py:80} INFO - Job 62: Subtask export_tables_to_dir
[2022-10-14 16:11:25,539] {task_command.py:371} INFO - Running <TaskInstance: generate_data.export_tables_to_dir manual__2022-10-14T16:10:17.794974+00:00 [running]> on host 6b13e7472fb2
[2022-10-14 16:11:25,634] {taskinstance.py:1591} INFO - Exporting the following env vars:
AIRFLOW_CTX_DAG_OWNER=***
AIRFLOW_CTX_DAG_ID=generate_data
AIRFLOW_CTX_TASK_ID=export_tables_to_dir
AIRFLOW_CTX_EXECUTION_DATE=2022-10-14T16:10:17.794974+00:00
AIRFLOW_CTX_TRY_NUMBER=2
AIRFLOW_CTX_DAG_RUN_ID=manual__2022-10-14T16:10:17.794974+00:00
[2022-10-14 16:11:25,645] {export_tables.py:37} INFO - Connection to database success
[2022-10-14 16:11:25,649] {export_tables.py:120} INFO - Working on transaction
[2022-10-14 16:11:25,650] {taskinstance.py:1909} ERROR - Task failed with exception
Traceback (most recent call last):
  File "/home/airflow/.local/lib/python3.7/site-packages/airflow/operators/python.py", line 171, in execute
    return_value = self.execute_callable()
  File "/home/airflow/.local/lib/python3.7/site-packages/airflow/operators/python.py", line 189, in execute_callable
    return self.python_callable(*self.op_args, **self.op_kwargs)
  File "/opt/airflow/dags/export_tables.py", line 121, in export
    copy_table(cursor, conn, path='/opt/airflow/dags/data_storage/pgdata', table=table.get(_), days=days)
  File "/opt/airflow/dags/export_tables.py", line 85, in copy_table
    rows = count_rows(table=table)
TypeError: count_rows() missing 1 required positional argument: 'cursor'
[2022-10-14 16:11:25,663] {taskinstance.py:1420} INFO - Marking task as FAILED. dag_id=generate_data, task_id=export_tables_to_dir, execution_date=20221014T161017, start_date=20221014T161125, end_date=20221014T161125
[2022-10-14 16:11:25,677] {standard_task_runner.py:97} ERROR - Failed to execute job 62 for task export_tables_to_dir (count_rows() missing 1 required positional argument: 'cursor'; 25949)
[2022-10-14 16:11:25,699] {local_task_job.py:156} INFO - Task exited with return code 1
[2022-10-14 16:11:25,742] {local_task_job.py:273} INFO - 0 downstream tasks scheduled from follow-on schedule check
