[2022-10-19 18:49:58,872] {taskinstance.py:1179} INFO - Dependencies all met for <TaskInstance: pyspark_jobs.load_jsonlines manual__2022-10-19T18:49:51.477146+00:00 [queued]>
[2022-10-19 18:49:58,917] {taskinstance.py:1179} INFO - Dependencies all met for <TaskInstance: pyspark_jobs.load_jsonlines manual__2022-10-19T18:49:51.477146+00:00 [queued]>
[2022-10-19 18:49:58,921] {taskinstance.py:1376} INFO - 
--------------------------------------------------------------------------------
[2022-10-19 18:49:58,924] {taskinstance.py:1377} INFO - Starting attempt 1 of 2
[2022-10-19 18:49:58,925] {taskinstance.py:1378} INFO - 
--------------------------------------------------------------------------------
[2022-10-19 18:49:58,969] {taskinstance.py:1397} INFO - Executing <Task(PythonOperator): load_jsonlines> on 2022-10-19 18:49:51.477146+00:00
[2022-10-19 18:49:58,988] {standard_task_runner.py:52} INFO - Started process 45329 to run task
[2022-10-19 18:49:58,988] {clientserver.py:543} INFO - Closing down clientserver connection
[2022-10-19 18:49:59,000] {clientserver.py:538} INFO - Error while receiving.
Traceback (most recent call last):
  File "/home/airflow/.local/lib/python3.7/site-packages/py4j/clientserver.py", line 516, in send_command
    raise Py4JNetworkError("Answer from Java side is empty")
py4j.protocol.Py4JNetworkError: Answer from Java side is empty
[2022-10-19 18:49:59,011] {clientserver.py:543} INFO - Closing down clientserver connection
[2022-10-19 18:49:59,013] {java_gateway.py:1056} ERROR - Exception while sending command.
Traceback (most recent call last):
  File "/home/airflow/.local/lib/python3.7/site-packages/py4j/clientserver.py", line 516, in send_command
    raise Py4JNetworkError("Answer from Java side is empty")
py4j.protocol.Py4JNetworkError: Answer from Java side is empty

During handling of the above exception, another exception occurred:

Traceback (most recent call last):
  File "/home/airflow/.local/lib/python3.7/site-packages/py4j/java_gateway.py", line 1038, in send_command
    response = connection.send_command(command)
  File "/home/airflow/.local/lib/python3.7/site-packages/py4j/clientserver.py", line 540, in send_command
    "Error while sending or receiving", e, proto.ERROR_ON_RECEIVE)
py4j.protocol.Py4JNetworkError: Error while sending or receiving
[2022-10-19 18:49:59,020] {clientserver.py:543} INFO - Closing down clientserver connection
[2022-10-19 18:49:59,029] {standard_task_runner.py:79} INFO - Running: ['***', 'tasks', 'run', 'pyspark_jobs', 'load_jsonlines', 'manual__2022-10-19T18:49:51.477146+00:00', '--job-id', '456', '--raw', '--subdir', 'DAGS_FOLDER/pyspark_jobs.py', '--cfg-path', '/tmp/tmplo1deu3j', '--error-file', '/tmp/tmporhobveg']
[2022-10-19 18:49:59,038] {standard_task_runner.py:80} INFO - Job 456: Subtask load_jsonlines
[2022-10-19 18:49:59,325] {task_command.py:371} INFO - Running <TaskInstance: pyspark_jobs.load_jsonlines manual__2022-10-19T18:49:51.477146+00:00 [running]> on host ee1a3e6935ec
[2022-10-19 18:49:59,598] {taskinstance.py:1591} INFO - Exporting the following env vars:
AIRFLOW_CTX_DAG_OWNER=***
AIRFLOW_CTX_DAG_ID=pyspark_jobs
AIRFLOW_CTX_TASK_ID=load_jsonlines
AIRFLOW_CTX_EXECUTION_DATE=2022-10-19T18:49:51.477146+00:00
AIRFLOW_CTX_TRY_NUMBER=1
AIRFLOW_CTX_DAG_RUN_ID=manual__2022-10-19T18:49:51.477146+00:00
[2022-10-19 18:50:14,090] {logging_mixin.py:115} INFO - +---+-------------------+-------------------+------------------+----------+----+
| id|                 ts|customer_first_name|customer_last_name|    amount|type|
+---+-------------------+-------------------+------------------+----------+----+
|431|2022-10-18T08:06:02|            Zachary|            Walker|    $38.73|   1|
| 67|2022-10-18T14:42:26|           Brittany|            Norris|     $5.49|   0|
|771|2022-10-19T03:13:10|              Kathy|            Meyers| $1,444.19|   1|
|900|2022-10-18T13:36:39|               Kurt|            Taylor|   $872.79|   1|
|681|2022-10-17T22:11:21|             Ronald|             White|     $7.16|   0|
|897|2022-10-18T04:33:05|               Mary|          Thompson|     $6.99|   0|
|888|2022-10-19T11:25:01|               Jill|           Roberts|$29,393.13|   0|
|125|2022-10-18T11:16:08|            Timothy|              Cruz| $3,579.21|   1|
| 59|2022-10-18T09:44:44|               John|          Martinez|$92,135.02|   1|
|465|2022-10-19T04:07:53|            Richard|           Rosario|   $411.39|   0|
|443|2022-10-17T08:02:56|              Tracy|             Hines|    $64.55|   0|
| 21|2022-10-18T01:49:00|            Jackson|            Gibson|    $75.68|   0|
|646|2022-10-18T17:42:33|            Vanessa|            Kelley|    $88.13|   0|
|228|2022-10-16T23:34:03|              Frank|         Blackburn|   $786.33|   0|
|775|2022-10-19T05:22:43|            Stephen|          Anderson| $7,213.11|   0|
|809|2022-10-19T08:43:19|             Andrew|             Owens|$29,389.05|   1|
| 47|2022-10-17T07:01:51|             Sergio|            Wilson|   $488.94|   1|
|576|2022-10-19T08:55:08|             Robert|             Smith|   $993.81|   1|
|526|2022-10-16T19:32:22|             Amanda|           Flowers| $1,723.80|   0|
| 25|2022-10-19T00:32:11|            Cynthia|             Jones|     $3.10|   1|
+---+-------------------+-------------------+------------------+----------+----+
only showing top 20 rows
[2022-10-19 18:50:14,092] {data_extraction_pyspark.py:53} INFO - JSONLines Dataframe succesfully loaded and transformed headers.
[2022-10-19 18:50:14,094] {python.py:173} INFO - Done. Returned value was: None
[2022-10-19 18:50:14,137] {taskinstance.py:1420} INFO - Marking task as SUCCESS. dag_id=pyspark_jobs, task_id=load_jsonlines, execution_date=20221019T184951, start_date=20221019T184958, end_date=20221019T185014
[2022-10-19 18:50:14,205] {local_task_job.py:156} INFO - Task exited with return code 0
[2022-10-19 18:50:14,306] {local_task_job.py:273} INFO - 0 downstream tasks scheduled from follow-on schedule check
