[2022-10-21 14:36:51,907] {taskinstance.py:1179} INFO - Dependencies all met for <TaskInstance: pyspark_jobs.load_and_normalize_jsonlines manual__2022-10-21T14:31:58.979199+00:00 [up_for_retry]>
[2022-10-21 14:36:51,921] {taskinstance.py:1179} INFO - Dependencies all met for <TaskInstance: pyspark_jobs.load_and_normalize_jsonlines manual__2022-10-21T14:31:58.979199+00:00 [up_for_retry]>
[2022-10-21 14:36:51,922] {taskinstance.py:1376} INFO - 
--------------------------------------------------------------------------------
[2022-10-21 14:36:51,923] {taskinstance.py:1377} INFO - Starting attempt 2 of 2
[2022-10-21 14:36:51,923] {taskinstance.py:1378} INFO - 
--------------------------------------------------------------------------------
[2022-10-21 14:36:51,944] {taskinstance.py:1397} INFO - Executing <Task(PythonOperator): load_and_normalize_jsonlines> on 2022-10-21 14:31:58.979199+00:00
[2022-10-21 14:36:51,970] {clientserver.py:543} INFO - Closing down clientserver connection
[2022-10-21 14:36:51,962] {standard_task_runner.py:52} INFO - Started process 9681 to run task
[2022-10-21 14:36:51,976] {standard_task_runner.py:79} INFO - Running: ['***', 'tasks', 'run', 'pyspark_jobs', 'load_and_normalize_jsonlines', 'manual__2022-10-21T14:31:58.979199+00:00', '--job-id', '467', '--pool', 'default_pool', '--raw', '--subdir', 'DAGS_FOLDER/pyspark_jobs.py', '--cfg-path', '/tmp/tmpts6_l4xk', '--error-file', '/tmp/tmpxm0z8hqa']
[2022-10-21 14:36:51,982] {standard_task_runner.py:80} INFO - Job 467: Subtask load_and_normalize_jsonlines
[2022-10-21 14:36:52,091] {task_command.py:371} INFO - Running <TaskInstance: pyspark_jobs.load_and_normalize_jsonlines manual__2022-10-21T14:31:58.979199+00:00 [running]> on host ee1a3e6935ec
[2022-10-21 14:36:52,254] {taskinstance.py:1591} INFO - Exporting the following env vars:
AIRFLOW_CTX_DAG_OWNER=***
AIRFLOW_CTX_DAG_ID=pyspark_jobs
AIRFLOW_CTX_TASK_ID=load_and_normalize_jsonlines
AIRFLOW_CTX_EXECUTION_DATE=2022-10-21T14:31:58.979199+00:00
AIRFLOW_CTX_TRY_NUMBER=2
AIRFLOW_CTX_DAG_RUN_ID=manual__2022-10-21T14:31:58.979199+00:00
[2022-10-21 14:36:52,256] {pyspark_scripts.py:28} INFO - Found the following subdirectories ['2022-10-14', '2022-10-17', '2022-10-18', '2022-10-19']
[2022-10-21 14:36:52,264] {pyspark_scripts.py:37} INFO - Latest folder: 2022-10-19
[2022-10-21 14:36:52,411] {clientserver.py:505} INFO - Error while sending or receiving.
Traceback (most recent call last):
  File "/home/airflow/.local/lib/python3.7/site-packages/py4j/clientserver.py", line 503, in send_command
    self.socket.sendall(command.encode("utf-8"))
ConnectionResetError: [Errno 104] Connection reset by peer
[2022-10-21 14:36:52,418] {clientserver.py:543} INFO - Closing down clientserver connection
[2022-10-21 14:36:52,422] {java_gateway.py:1052} INFO - Exception while sending command.
Traceback (most recent call last):
  File "/home/airflow/.local/lib/python3.7/site-packages/py4j/clientserver.py", line 503, in send_command
    self.socket.sendall(command.encode("utf-8"))
ConnectionResetError: [Errno 104] Connection reset by peer

During handling of the above exception, another exception occurred:

Traceback (most recent call last):
  File "/home/airflow/.local/lib/python3.7/site-packages/py4j/java_gateway.py", line 1038, in send_command
    response = connection.send_command(command)
  File "/home/airflow/.local/lib/python3.7/site-packages/py4j/clientserver.py", line 507, in send_command
    "Error while sending", e, proto.ERROR_ON_SEND)
py4j.protocol.Py4JNetworkError: Error while sending
[2022-10-21 14:36:52,454] {clientserver.py:543} INFO - Closing down clientserver connection
[2022-10-21 14:36:59,095] {pyspark_scripts.py:53} INFO - Working with 1 partitions
[2022-10-21 14:37:00,210] {logging_mixin.py:115} INFO - +---+-------------------+-------------------+------------------+----------+----+
| id|                 ts|customer_first_name|customer_last_name|    amount|type|
+---+-------------------+-------------------+------------------+----------+----+
|431|2022-10-18T08:06:02|            Zachary|            Walker|    $38.73|   1|
| 67|2022-10-18T14:42:26|           Brittany|            Norris|     $5.49|   0|
|771|2022-10-19T03:13:10|              Kathy|            Meyers| $1,444.19|   1|
|900|2022-10-18T13:36:39|               Kurt|            Taylor|   $872.79|   1|
|681|2022-10-17T22:11:21|             Ronald|             White|     $7.16|   0|
|897|2022-10-18T04:33:05|               Mary|          Thompson|     $6.99|   0|
|888|2022-10-19T11:25:01|               Jill|           Roberts|$29,393.13|   0|
|125|2022-10-18T11:16:08|            Timothy|              Cruz| $3,579.21|   1|
| 59|2022-10-18T09:44:44|               John|          Martinez|$92,135.02|   1|
|465|2022-10-19T04:07:53|            Richard|           Rosario|   $411.39|   0|
+---+-------------------+-------------------+------------------+----------+----+
only showing top 10 rows
[2022-10-21 14:37:00,314] {taskinstance.py:1909} ERROR - Task failed with exception
Traceback (most recent call last):
  File "/home/airflow/.local/lib/python3.7/site-packages/airflow/operators/python.py", line 171, in execute
    return_value = self.execute_callable()
  File "/home/airflow/.local/lib/python3.7/site-packages/airflow/operators/python.py", line 189, in execute_callable
    return self.python_callable(*self.op_args, **self.op_kwargs)
  File "/opt/airflow/dags/pyspark_scripts.py", line 56, in load_and_normalize_json_data
    df.write.parquet(path)
  File "/home/airflow/.local/lib/python3.7/site-packages/pyspark/sql/readwriter.py", line 1140, in parquet
    self._jwrite.parquet(path)
  File "/home/airflow/.local/lib/python3.7/site-packages/py4j/java_gateway.py", line 1322, in __call__
    answer, self.gateway_client, self.target_id, self.name)
  File "/home/airflow/.local/lib/python3.7/site-packages/pyspark/sql/utils.py", line 196, in deco
    raise converted from None
pyspark.sql.utils.AnalysisException: path file:/opt/airflow/dags/storage/jsonlines_temp already exists.
[2022-10-21 14:37:00,335] {taskinstance.py:1420} INFO - Marking task as FAILED. dag_id=pyspark_jobs, task_id=load_and_normalize_jsonlines, execution_date=20221021T143158, start_date=20221021T143651, end_date=20221021T143700
[2022-10-21 14:37:00,350] {standard_task_runner.py:97} ERROR - Failed to execute job 467 for task load_and_normalize_jsonlines (path file:/opt/airflow/dags/storage/jsonlines_temp already exists.; 9681)
[2022-10-21 14:37:00,381] {local_task_job.py:156} INFO - Task exited with return code 1
[2022-10-21 14:37:00,415] {local_task_job.py:273} INFO - 0 downstream tasks scheduled from follow-on schedule check
[2022-10-21 14:37:00,441] {dagrun.py:549} ERROR - Marking run <DagRun pyspark_jobs @ 2022-10-21 14:31:58.979199+00:00: manual__2022-10-21T14:31:58.979199+00:00, externally triggered: True> failed
[2022-10-21 14:37:00,442] {dagrun.py:624} INFO - DagRun Finished: dag_id=pyspark_jobs, execution_date=2022-10-21 14:31:58.979199+00:00, run_id=manual__2022-10-21T14:31:58.979199+00:00, run_start_date=2022-10-21 14:31:59.478873+00:00, run_end_date=2022-10-21 14:37:00.442789+00:00, run_duration=300.963916, state=failed, external_trigger=True, run_type=manual, data_interval_start=2022-10-20 14:31:58.979199+00:00, data_interval_end=2022-10-21 14:31:58.979199+00:00, dag_hash=b2badc56bc15842c3d4020ce977c0dde
